0 verbose cli D:\Program Files\nodejs\node.exe D:\Program Files\nodejs\node_modules\npm\bin\npm-cli.js
1 info using npm@10.8.2
2 info using node@v20.19.6
3 silly config load:file:D:\Program Files\nodejs\node_modules\npm\npmrc
4 silly config load:file:F:\桌面\CampusSmartMaintenanceCenter-main (1)\.npmrc
5 silly config load:file:C:\Users\xjz20\.npmrc
6 silly config load:file:D:\Program Files\nodejs\node_global\etc\npmrc
7 verbose title npm run dev
8 verbose argv "run" "dev"
9 verbose logfile logs-max:10 dir:F:\桌面\CampusSmartMaintenanceCenter-main (1)\npm-cache\_logs\2025-12-17T08_54_17_508Z-
10 verbose logfile F:\桌面\CampusSmartMaintenanceCenter-main (1)\npm-cache\_logs\2025-12-17T08_54_17_508Z-debug-0.log
11 silly logfile done cleaning log files
12 verbose stack Error: Could not read package.json: Error: ENOENT: no such file or directory, open 'F:\桌面\CampusSmartMaintenanceCenter-main (1)\package.json'
12 verbose stack     at async open (node:internal/fs/promises:639:25)
12 verbose stack     at async readFile (node:internal/fs/promises:1246:14)
12 verbose stack     at async read (D:\Program Files\nodejs\node_modules\npm\node_modules\@npmcli\package-json\lib\read-package.js:9:18)
12 verbose stack     at async PackageJson.load (D:\Program Files\nodejs\node_modules\npm\node_modules\@npmcli\package-json\lib\index.js:130:31)
12 verbose stack     at async PackageJson.normalize (D:\Program Files\nodejs\node_modules\npm\node_modules\@npmcli\package-json\lib\index.js:116:5)
12 verbose stack     at async #run (D:\Program Files\nodejs\node_modules\npm\lib\commands\run-script.js:85:13)
12 verbose stack     at async RunScript.exec (D:\Program Files\nodejs\node_modules\npm\lib\commands\run-script.js:39:7)
12 verbose stack     at async Npm.exec (D:\Program Files\nodejs\node_modules\npm\lib\npm.js:207:9)
12 verbose stack     at async module.exports (D:\Program Files\nodejs\node_modules\npm\lib\cli\entry.js:74:5)
13 error code ENOENT
14 error syscall open
15 error path F:\桌面\CampusSmartMaintenanceCenter-main (1)\package.json
16 error errno -4058
17 error enoent Could not read package.json: Error: ENOENT: no such file or directory, open 'F:\桌面\CampusSmartMaintenanceCenter-main (1)\package.json'
18 error enoent This is related to npm not being able to find a file.
18 error enoent
19 verbose cwd F:\桌面\CampusSmartMaintenanceCenter-main (1)
20 verbose os Windows_NT 10.0.26100
21 verbose node v20.19.6
22 verbose npm  v10.8.2
23 verbose exit -4058
24 verbose code -4058
25 error A complete log of this run can be found in: F:\桌面\CampusSmartMaintenanceCenter-main (1)\npm-cache\_logs\2025-12-17T08_54_17_508Z-debug-0.log
